# JRE version: OpenJDK Runtime Environment Temurin-19.0.1+10 (19.0.1+10) (build 19.0.1+10)
# Java VM: OpenJDK 64-Bit Server VM Temurin-19.0.1+10 (19.0.1+10, mixed mode, emulated-client, tiered, compressed oops, compressed class ptrs, g1 gc, windows-amd64)
GC Precious Log:
 CardTable entry size: 512
 Card Set container configuration: InlinePtr #cards 4 size 8 Array Of Cards #cards 64 size 144 Howl #buckets 8 coarsen threshold 14745 Howl Bitmap #cards 2048 size 272 coarsen threshold 1843 Card regions per heap region 1 cards per card region 16384
 CPUs: 24 total, 24 available
 Memory: 65431M
 Large Page Support: Disabled
 NUMA Support: Disabled
 Compressed Oops: Enabled (Zero based)
 Heap Region Size: 8M
 Heap Min Capacity: 8M
 Heap Initial Capacity: 1G
 Heap Max Capacity: 16360M
 Pre-touch: Disabled
 Parallel Workers: 18
 Concurrent Workers: 5
 Concurrent Refinement Workers: 18
 Periodic GC: Disabled
Heap:
 garbage-first heap   total 81920K, used 37992K [0x0000000401800000, 0x0000000800000000)
  region size 8192K, 3 young (24576K), 1 survivors (8192K)
 Metaspace       used 72225K, committed 72768K, reserved 1114112K
  class space    used 9217K, committed 9472K, reserved 1048576K
GC Heap History (20 events):
Event: 3.859 GC heap before
{Heap before GC invocations=15 (full 0):
 garbage-first heap   total 90112K, used 54847K [0x0000000401800000, 0x0000000800000000)
  region size 8192K, 5 young (40960K), 1 survivors (8192K)
 Metaspace       used 58789K, committed 59200K, reserved 1114112K
  class space    used 7390K, committed 7616K, reserved 1048576K
}
Event: 3.861 GC heap after
{Heap after GC invocations=16 (full 0):
 garbage-first heap   total 90112K, used 23175K [0x0000000401800000, 0x0000000800000000)
  region size 8192K, 1 young (8192K), 1 survivors (8192K)
 Metaspace       used 58789K, committed 59200K, reserved 1114112K
  class space    used 7390K, committed 7616K, reserved 1048576K
}
Event: 3.932 GC heap before
{Heap before GC invocations=16 (full 0):
 garbage-first heap   total 90112K, used 31367K [0x0000000401800000, 0x0000000800000000)
  region size 8192K, 3 young (24576K), 1 survivors (8192K)
 Metaspace       used 59659K, committed 60160K, reserved 1114112K
  class space    used 7547K, committed 7808K, reserved 1048576K
}
Event: 3.934 GC heap after
{Heap after GC invocations=17 (full 0):
 garbage-first heap   total 90112K, used 23590K [0x0000000401800000, 0x0000000800000000)
  region size 8192K, 1 young (8192K), 1 survivors (8192K)
 Metaspace       used 59659K, committed 60160K, reserved 1114112K
  class space    used 7547K, committed 7808K, reserved 1048576K
}
Event: 4.106 GC heap before
{Heap before GC invocations=18 (full 0):
 garbage-first heap   total 90112K, used 56358K [0x0000000401800000, 0x0000000800000000)
  region size 8192K, 5 young (40960K), 1 survivors (8192K)
 Metaspace       used 61395K, committed 61888K, reserved 1114112K
  class space    used 7808K, committed 8064K, reserved 1048576K
}
Event: 4.108 GC heap after
{Heap after GC invocations=19 (full 0):
 garbage-first heap   total 90112K, used 24782K [0x0000000401800000, 0x0000000800000000)
  region size 8192K, 1 young (8192K), 1 survivors (8192K)
 Metaspace       used 61395K, committed 61888K, reserved 1114112K
  class space    used 7808K, committed 8064K, reserved 1048576K
}
Event: 4.317 GC heap before
{Heap before GC invocations=19 (full 0):
 garbage-first heap   total 90112K, used 57550K [0x0000000401800000, 0x0000000800000000)
  region size 8192K, 5 young (40960K), 1 survivors (8192K)
 Metaspace       used 63548K, committed 64128K, reserved 1114112K
  class space    used 8101K, committed 8384K, reserved 1048576K
}
Event: 4.319 GC heap after
{Heap after GC invocations=20 (full 0):
 garbage-first heap   total 90112K, used 26579K [0x0000000401800000, 0x0000000800000000)
  region size 8192K, 1 young (8192K), 1 survivors (8192K)
 Metaspace       used 63548K, committed 64128K, reserved 1114112K
  class space    used 8101K, committed 8384K, reserved 1048576K
}
Event: 4.565 GC heap before
{Heap before GC invocations=20 (full 0):
 garbage-first heap   total 90112K, used 59347K [0x0000000401800000, 0x0000000800000000)
  region size 8192K, 5 young (40960K), 1 survivors (8192K)
 Metaspace       used 66051K, committed 66624K, reserved 1114112K
  class space    used 8459K, committed 8768K, reserved 1048576K
}
Event: 4.568 GC heap after
{Heap after GC invocations=21 (full 0):
 garbage-first heap   total 90112K, used 28320K [0x0000000401800000, 0x0000000800000000)
  region size 8192K, 1 young (8192K), 1 survivors (8192K)
 Metaspace       used 66051K, committed 66624K, reserved 1114112K
  class space    used 8459K, committed 8768K, reserved 1048576K
}
Event: 10.115 GC heap before
{Heap before GC invocations=21 (full 0):
 garbage-first heap   total 90112K, used 52896K [0x0000000401800000, 0x0000000800000000)
  region size 8192K, 5 young (40960K), 1 survivors (8192K)
 Metaspace       used 69450K, committed 70016K, reserved 1114112K
  class space    used 8865K, committed 9152K, reserved 1048576K
}
Event: 10.117 GC heap after
{Heap after GC invocations=22 (full 0):
 garbage-first heap   total 90112K, used 29377K [0x0000000401800000, 0x0000000800000000)
  region size 8192K, 1 young (8192K), 1 survivors (8192K)
 Metaspace       used 69450K, committed 70016K, reserved 1114112K
  class space    used 8865K, committed 9152K, reserved 1048576K
}
Event: 40.663 GC heap before
{Heap before GC invocations=22 (full 0):
 garbage-first heap   total 90112K, used 45761K [0x0000000401800000, 0x0000000800000000)
  region size 8192K, 4 young (32768K), 1 survivors (8192K)
 Metaspace       used 71137K, committed 71680K, reserved 1114112K
  class space    used 9082K, committed 9344K, reserved 1048576K
}
Event: 40.728 GC heap after
{Heap after GC invocations=23 (full 1):
 garbage-first heap   total 81920K, used 24210K [0x0000000401800000, 0x0000000800000000)
  region size 8192K, 0 young (0K), 0 survivors (0K)
 Metaspace       used 71137K, committed 71680K, reserved 1114112K
  class space    used 9082K, committed 9344K, reserved 1048576K
}
Event: 41.120 GC heap before
{Heap before GC invocations=23 (full 1):
 garbage-first heap   total 81920K, used 65170K [0x0000000401800000, 0x0000000800000000)
  region size 8192K, 5 young (40960K), 0 survivors (0K)
 Metaspace       used 71255K, committed 71872K, reserved 1114112K
  class space    used 9099K, committed 9408K, reserved 1048576K
}
Event: 41.121 GC heap after
{Heap after GC invocations=24 (full 1):
 garbage-first heap   total 81920K, used 27191K [0x0000000401800000, 0x0000000800000000)
  region size 8192K, 1 young (8192K), 1 survivors (8192K)
 Metaspace       used 71255K, committed 71872K, reserved 1114112K
  class space    used 9099K, committed 9408K, reserved 1048576K
}
Event: 41.362 GC heap before
{Heap before GC invocations=24 (full 1):
 garbage-first heap   total 81920K, used 59959K [0x0000000401800000, 0x0000000800000000)
  region size 8192K, 5 young (40960K), 1 survivors (8192K)
 Metaspace       used 71471K, committed 72064K, reserved 1114112K
  class space    used 9116K, committed 9408K, reserved 1048576K
}
Event: 41.363 GC heap after
{Heap after GC invocations=25 (full 1):
 garbage-first heap   total 81920K, used 28738K [0x0000000401800000, 0x0000000800000000)
  region size 8192K, 1 young (8192K), 1 survivors (8192K)
 Metaspace       used 71471K, committed 72064K, reserved 1114112K
  class space    used 9116K, committed 9408K, reserved 1048576K
}
Event: 52.536 GC heap before
{Heap before GC invocations=25 (full 1):
 garbage-first heap   total 81920K, used 61506K [0x0000000401800000, 0x0000000800000000)
  region size 8192K, 5 young (40960K), 1 survivors (8192K)
 Metaspace       used 71767K, committed 72320K, reserved 1114112K
  class space    used 9144K, committed 9408K, reserved 1048576K
}
Event: 52.538 GC heap after
{Heap after GC invocations=26 (full 1):
 garbage-first heap   total 81920K, used 29800K [0x0000000401800000, 0x0000000800000000)
  region size 8192K, 1 young (8192K), 1 survivors (8192K)
 Metaspace       used 71767K, committed 72320K, reserved 1114112K
  class space    used 9144K, committed 9408K, reserved 1048576K
}

